Build started 12/16/2013 4:47:39 AM.
     1>Project "C:\Users\Guilherme\documents\visual studio 2012\Projects\ConsoleApplication1\ConsoleApplication1\ConsoleApplication1.vcxproj" on node 2 (Build target(s)).
     1>ClCompile:
         D:\programs\Microsoft Visual Studio 11.0\VC\bin\CL.exe /c /Zi /nologo /W4 /WX /sdl /O2 /Oi /Oy- /GL /D _CRT_SECURE_NO_WARNINGS /D WIN32 /D NDEBUG /D _CONSOLE /Gm- /EHsc /MD /GS /Gy /fp:precise /Zc:wchar_t /Zc:forScope /Yu"stdafx.h" /Fp"Release\ConsoleApplication1.pch" /Fo"Release\\" /Fd"Release\vc110.pdb" /Gd /TC /analyze- /errorReport:prompt FinalProject.cpp InitShader.cpp
         FinalProject.cpp
     1>D:\programs\Microsoft Visual Studio 11.0\VC\include\xtgmath.h(111): error C2220: warning treated as error - no 'object' file generated
     1>D:\programs\Microsoft Visual Studio 11.0\VC\include\xtgmath.h(111): warning C4602: #pragma pop_macro : 'new' no previous #pragma push_macro for this identifier
     1>D:\programs\Microsoft Visual Studio 11.0\VC\include\xtgmath.h(112): warning C4193: #pragma warning(pop) : no matching '#pragma warning(push)'
     1>D:\programs\Microsoft Visual Studio 11.0\VC\include\xtgmath.h(113): warning C4161: #pragma pack(pop...) : more pops than pushes
     1>D:\programs\Microsoft Visual Studio 11.0\VC\include\cmath(28): error C2061: syntax error : identifier 'acosf'
     1>D:\programs\Microsoft Visual Studio 11.0\VC\include\cmath(28): error C2059: syntax error : ';'
     1>D:\programs\Microsoft Visual Studio 11.0\VC\include\cmath(28): error C2061: syntax error : identifier 'asinf'
     1>D:\programs\Microsoft Visual Studio 11.0\VC\include\cmath(29): error C2061: syntax error : identifier 'atanf'
     1>D:\programs\Microsoft Visual Studio 11.0\VC\include\cmath(29): error C2059: syntax error : ';'
     1>D:\programs\Microsoft Visual Studio 11.0\VC\include\cmath(29): error C2061: syntax error : identifier 'atan2f'
     1>D:\programs\Microsoft Visual Studio 11.0\VC\include\cmath(29): error C2061: syntax error : identifier 'ceilf'
     1>D:\programs\Microsoft Visual Studio 11.0\VC\include\cmath(30): error C2061: syntax error : identifier 'cosf'
     1>D:\programs\Microsoft Visual Studio 11.0\VC\include\cmath(30): error C2059: syntax error : ';'
     1>D:\programs\Microsoft Visual Studio 11.0\VC\include\cmath(30): error C2061: syntax error : identifier 'coshf'
     1>D:\programs\Microsoft Visual Studio 11.0\VC\include\cmath(30): error C2061: syntax error : identifier 'expf'
     1>D:\programs\Microsoft Visual Studio 11.0\VC\include\cmath(31): error C2061: syntax error : identifier 'fabsf'
     1>D:\programs\Microsoft Visual Studio 11.0\VC\include\cmath(31): error C2059: syntax error : ';'
     1>D:\programs\Microsoft Visual Studio 11.0\VC\include\cmath(31): error C2061: syntax error : identifier 'floorf'
     1>D:\programs\Microsoft Visual Studio 11.0\VC\include\cmath(31): error C2061: syntax error : identifier 'fmodf'
     1>D:\programs\Microsoft Visual Studio 11.0\VC\include\cmath(32): error C2061: syntax error : identifier 'frexpf'
     1>D:\programs\Microsoft Visual Studio 11.0\VC\include\cmath(32): error C2059: syntax error : ';'
     1>D:\programs\Microsoft Visual Studio 11.0\VC\include\cmath(32): error C2061: syntax error : identifier 'ldexpf'
     1>D:\programs\Microsoft Visual Studio 11.0\VC\include\cmath(32): error C2061: syntax error : identifier 'logf'
     1>D:\programs\Microsoft Visual Studio 11.0\VC\include\cmath(33): error C2061: syntax error : identifier 'log10f'
     1>D:\programs\Microsoft Visual Studio 11.0\VC\include\cmath(33): error C2059: syntax error : ';'
     1>D:\programs\Microsoft Visual Studio 11.0\VC\include\cmath(33): error C2061: syntax error : identifier 'modff'
     1>D:\programs\Microsoft Visual Studio 11.0\VC\include\cmath(33): error C2061: syntax error : identifier 'powf'
     1>D:\programs\Microsoft Visual Studio 11.0\VC\include\cmath(34): error C2061: syntax error : identifier 'sinf'
     1>D:\programs\Microsoft Visual Studio 11.0\VC\include\cmath(34): error C2059: syntax error : ';'
     1>D:\programs\Microsoft Visual Studio 11.0\VC\include\cmath(34): error C2061: syntax error : identifier 'sinhf'
     1>D:\programs\Microsoft Visual Studio 11.0\VC\include\cmath(34): error C2061: syntax error : identifier 'sqrtf'
     1>D:\programs\Microsoft Visual Studio 11.0\VC\include\cmath(35): error C2061: syntax error : identifier 'tanf'
     1>D:\programs\Microsoft Visual Studio 11.0\VC\include\cmath(35): error C2059: syntax error : ';'
     1>D:\programs\Microsoft Visual Studio 11.0\VC\include\cmath(35): error C2061: syntax error : identifier 'tanhf'
     1>D:\programs\Microsoft Visual Studio 11.0\VC\include\cmath(37): error C2061: syntax error : identifier 'acosl'
     1>D:\programs\Microsoft Visual Studio 11.0\VC\include\cmath(37): error C2059: syntax error : ';'
     1>D:\programs\Microsoft Visual Studio 11.0\VC\include\cmath(37): error C2061: syntax error : identifier 'asinl'
     1>D:\programs\Microsoft Visual Studio 11.0\VC\include\cmath(38): error C2061: syntax error : identifier 'atanl'
     1>D:\programs\Microsoft Visual Studio 11.0\VC\include\cmath(38): error C2059: syntax error : ';'
     1>D:\programs\Microsoft Visual Studio 11.0\VC\include\cmath(38): error C2061: syntax error : identifier 'atan2l'
     1>D:\programs\Microsoft Visual Studio 11.0\VC\include\cmath(38): error C2061: syntax error : identifier 'ceill'
     1>D:\programs\Microsoft Visual Studio 11.0\VC\include\cmath(39): error C2061: syntax error : identifier 'cosl'
     1>D:\programs\Microsoft Visual Studio 11.0\VC\include\cmath(39): error C2059: syntax error : ';'
     1>D:\programs\Microsoft Visual Studio 11.0\VC\include\cmath(39): error C2061: syntax error : identifier 'coshl'
     1>D:\programs\Microsoft Visual Studio 11.0\VC\include\cmath(39): error C2061: syntax error : identifier 'expl'
     1>D:\programs\Microsoft Visual Studio 11.0\VC\include\cmath(40): error C2061: syntax error : identifier 'fabsl'
     1>D:\programs\Microsoft Visual Studio 11.0\VC\include\cmath(40): error C2059: syntax error : ';'
     1>D:\programs\Microsoft Visual Studio 11.0\VC\include\cmath(40): error C2061: syntax error : identifier 'floorl'
     1>D:\programs\Microsoft Visual Studio 11.0\VC\include\cmath(40): error C2061: syntax error : identifier 'fmodl'
     1>D:\programs\Microsoft Visual Studio 11.0\VC\include\cmath(41): error C2061: syntax error : identifier 'frexpl'
     1>D:\programs\Microsoft Visual Studio 11.0\VC\include\cmath(41): error C2059: syntax error : ';'
     1>D:\programs\Microsoft Visual Studio 11.0\VC\include\cmath(41): error C2061: syntax error : identifier 'ldexpl'
     1>D:\programs\Microsoft Visual Studio 11.0\VC\include\cmath(41): error C2061: syntax error : identifier 'logl'
     1>D:\programs\Microsoft Visual Studio 11.0\VC\include\cmath(42): error C2061: syntax error : identifier 'log10l'
     1>D:\programs\Microsoft Visual Studio 11.0\VC\include\cmath(42): error C2059: syntax error : ';'
     1>D:\programs\Microsoft Visual Studio 11.0\VC\include\cmath(42): error C2061: syntax error : identifier 'modfl'
     1>D:\programs\Microsoft Visual Studio 11.0\VC\include\cmath(42): error C2061: syntax error : identifier 'powl'
     1>D:\programs\Microsoft Visual Studio 11.0\VC\include\cmath(43): error C2061: syntax error : identifier 'sinl'
     1>D:\programs\Microsoft Visual Studio 11.0\VC\include\cmath(43): error C2059: syntax error : ';'
     1>D:\programs\Microsoft Visual Studio 11.0\VC\include\cmath(43): error C2061: syntax error : identifier 'sinhl'
     1>D:\programs\Microsoft Visual Studio 11.0\VC\include\cmath(43): error C2061: syntax error : identifier 'sqrtl'
     1>D:\programs\Microsoft Visual Studio 11.0\VC\include\cmath(44): error C2061: syntax error : identifier 'tanl'
     1>D:\programs\Microsoft Visual Studio 11.0\VC\include\cmath(44): error C2059: syntax error : ';'
     1>D:\programs\Microsoft Visual Studio 11.0\VC\include\cmath(44): error C2061: syntax error : identifier 'tanhl'
     1>D:\programs\Microsoft Visual Studio 11.0\VC\include\cmath(46): error C2061: syntax error : identifier 'abs'
     1>D:\programs\Microsoft Visual Studio 11.0\VC\include\cmath(46): error C2059: syntax error : ';'
     1>D:\programs\Microsoft Visual Studio 11.0\VC\include\cmath(48): error C2061: syntax error : identifier 'acos'
     1>D:\programs\Microsoft Visual Studio 11.0\VC\include\cmath(48): error C2059: syntax error : ';'
     1>D:\programs\Microsoft Visual Studio 11.0\VC\include\cmath(48): error C2061: syntax error : identifier 'asin'
     1>D:\programs\Microsoft Visual Studio 11.0\VC\include\cmath(49): error C2061: syntax error : identifier 'atan'
     1>D:\programs\Microsoft Visual Studio 11.0\VC\include\cmath(49): error C2059: syntax error : ';'
     1>D:\programs\Microsoft Visual Studio 11.0\VC\include\cmath(49): error C2061: syntax error : identifier 'atan2'
     1>D:\programs\Microsoft Visual Studio 11.0\VC\include\cmath(49): error C2061: syntax error : identifier 'ceil'
     1>D:\programs\Microsoft Visual Studio 11.0\VC\include\cmath(50): error C2061: syntax error : identifier 'cos'
     1>D:\programs\Microsoft Visual Studio 11.0\VC\include\cmath(50): error C2059: syntax error : ';'
     1>D:\programs\Microsoft Visual Studio 11.0\VC\include\cmath(50): error C2061: syntax error : identifier 'cosh'
     1>D:\programs\Microsoft Visual Studio 11.0\VC\include\cmath(50): error C2061: syntax error : identifier 'exp'
     1>D:\programs\Microsoft Visual Studio 11.0\VC\include\cmath(51): error C2061: syntax error : identifier 'fabs'
     1>D:\programs\Microsoft Visual Studio 11.0\VC\include\cmath(51): error C2059: syntax error : ';'
     1>D:\programs\Microsoft Visual Studio 11.0\VC\include\cmath(51): error C2061: syntax error : identifier 'floor'
     1>D:\programs\Microsoft Visual Studio 11.0\VC\include\cmath(51): error C2061: syntax error : identifier 'fmod'
     1>D:\programs\Microsoft Visual Studio 11.0\VC\include\cmath(52): error C2061: syntax error : identifier 'frexp'
     1>D:\programs\Microsoft Visual Studio 11.0\VC\include\cmath(52): error C2059: syntax error : ';'
     1>D:\programs\Microsoft Visual Studio 11.0\VC\include\cmath(52): error C2061: syntax error : identifier 'ldexp'
     1>D:\programs\Microsoft Visual Studio 11.0\VC\include\cmath(52): error C2061: syntax error : identifier 'log'
     1>D:\programs\Microsoft Visual Studio 11.0\VC\include\cmath(53): error C2061: syntax error : identifier 'log10'
     1>D:\programs\Microsoft Visual Studio 11.0\VC\include\cmath(53): error C2059: syntax error : ';'
     1>D:\programs\Microsoft Visual Studio 11.0\VC\include\cmath(53): error C2061: syntax error : identifier 'modf'
     1>D:\programs\Microsoft Visual Studio 11.0\VC\include\cmath(53): error C2061: syntax error : identifier 'pow'
     1>D:\programs\Microsoft Visual Studio 11.0\VC\include\cmath(54): error C2061: syntax error : identifier 'sin'
     1>D:\programs\Microsoft Visual Studio 11.0\VC\include\cmath(54): error C2059: syntax error : ';'
     1>D:\programs\Microsoft Visual Studio 11.0\VC\include\cmath(54): error C2061: syntax error : identifier 'sinh'
     1>D:\programs\Microsoft Visual Studio 11.0\VC\include\cmath(54): error C2061: syntax error : identifier 'sqrt'
     1>D:\programs\Microsoft Visual Studio 11.0\VC\include\cmath(55): error C2061: syntax error : identifier 'tan'
     1>D:\programs\Microsoft Visual Studio 11.0\VC\include\cmath(55): error C2059: syntax error : ';'
     1>D:\programs\Microsoft Visual Studio 11.0\VC\include\cmath(55): error C2061: syntax error : identifier 'tanh'
     1>D:\programs\Microsoft Visual Studio 11.0\VC\include\cmath(57): error C2061: syntax error : identifier 'hypot'
     1>D:\programs\Microsoft Visual Studio 11.0\VC\include\cmath(57): error C2059: syntax error : ';'
     1>D:\programs\Microsoft Visual Studio 11.0\VC\include\cmath(57): error C2061: syntax error : identifier 'hypotf'
     1>D:\programs\Microsoft Visual Studio 11.0\VC\include\cstdio(36): warning C4431: missing type specifier - int assumed. Note: C no longer supports default-int
     1>D:\programs\Microsoft Visual Studio 11.0\VC\include\cstdio(36): error C2054: expected '(' to follow 'using'
     1>D:\programs\Microsoft Visual Studio 11.0\VC\include\cstdio(38): error C2061: syntax error : identifier 'using'
     1>D:\programs\Microsoft Visual Studio 11.0\VC\include\cstdio(38): warning C4431: missing type specifier - int assumed. Note: C no longer supports default-int
     1>D:\programs\Microsoft Visual Studio 11.0\VC\include\cstdio(38): error C2054: expected '(' to follow 'using'
     1>D:\programs\Microsoft Visual Studio 11.0\VC\include\cstdio(39): error C2061: syntax error : identifier 'clearerr'
     1>D:\programs\Microsoft Visual Studio 11.0\VC\include\cstdio(39): error C2059: syntax error : ';'
     1>D:\programs\Microsoft Visual Studio 11.0\VC\include\cstdio(39): error C2061: syntax error : identifier 'fclose'
     1>D:\programs\Microsoft Visual Studio 11.0\VC\include\cstdio(39): fatal error C1003: error count exceeds 100; stopping compilation
         InitShader.cpp
     1>D:\programs\Microsoft Visual Studio 11.0\VC\include\xtgmath.h(111): error C2220: warning treated as error - no 'object' file generated
     1>D:\programs\Microsoft Visual Studio 11.0\VC\include\xtgmath.h(111): warning C4602: #pragma pop_macro : 'new' no previous #pragma push_macro for this identifier
     1>D:\programs\Microsoft Visual Studio 11.0\VC\include\xtgmath.h(112): warning C4193: #pragma warning(pop) : no matching '#pragma warning(push)'
     1>D:\programs\Microsoft Visual Studio 11.0\VC\include\xtgmath.h(113): warning C4161: #pragma pack(pop...) : more pops than pushes
     1>D:\programs\Microsoft Visual Studio 11.0\VC\include\cmath(28): error C2061: syntax error : identifier 'acosf'
     1>D:\programs\Microsoft Visual Studio 11.0\VC\include\cmath(28): error C2059: syntax error : ';'
     1>D:\programs\Microsoft Visual Studio 11.0\VC\include\cmath(28): error C2061: syntax error : identifier 'asinf'
     1>D:\programs\Microsoft Visual Studio 11.0\VC\include\cmath(29): error C2061: syntax error : identifier 'atanf'
     1>D:\programs\Microsoft Visual Studio 11.0\VC\include\cmath(29): error C2059: syntax error : ';'
     1>D:\programs\Microsoft Visual Studio 11.0\VC\include\cmath(29): error C2061: syntax error : identifier 'atan2f'
     1>D:\programs\Microsoft Visual Studio 11.0\VC\include\cmath(29): error C2061: syntax error : identifier 'ceilf'
     1>D:\programs\Microsoft Visual Studio 11.0\VC\include\cmath(30): error C2061: syntax error : identifier 'cosf'
     1>D:\programs\Microsoft Visual Studio 11.0\VC\include\cmath(30): error C2059: syntax error : ';'
     1>D:\programs\Microsoft Visual Studio 11.0\VC\include\cmath(30): error C2061: syntax error : identifier 'coshf'
     1>D:\programs\Microsoft Visual Studio 11.0\VC\include\cmath(30): error C2061: syntax error : identifier 'expf'
     1>D:\programs\Microsoft Visual Studio 11.0\VC\include\cmath(31): error C2061: syntax error : identifier 'fabsf'
     1>D:\programs\Microsoft Visual Studio 11.0\VC\include\cmath(31): error C2059: syntax error : ';'
     1>D:\programs\Microsoft Visual Studio 11.0\VC\include\cmath(31): error C2061: syntax error : identifier 'floorf'
     1>D:\programs\Microsoft Visual Studio 11.0\VC\include\cmath(31): error C2061: syntax error : identifier 'fmodf'
     1>D:\programs\Microsoft Visual Studio 11.0\VC\include\cmath(32): error C2061: syntax error : identifier 'frexpf'
     1>D:\programs\Microsoft Visual Studio 11.0\VC\include\cmath(32): error C2059: syntax error : ';'
     1>D:\programs\Microsoft Visual Studio 11.0\VC\include\cmath(32): error C2061: syntax error : identifier 'ldexpf'
     1>D:\programs\Microsoft Visual Studio 11.0\VC\include\cmath(32): error C2061: syntax error : identifier 'logf'
     1>D:\programs\Microsoft Visual Studio 11.0\VC\include\cmath(33): error C2061: syntax error : identifier 'log10f'
     1>D:\programs\Microsoft Visual Studio 11.0\VC\include\cmath(33): error C2059: syntax error : ';'
     1>D:\programs\Microsoft Visual Studio 11.0\VC\include\cmath(33): error C2061: syntax error : identifier 'modff'
     1>D:\programs\Microsoft Visual Studio 11.0\VC\include\cmath(33): error C2061: syntax error : identifier 'powf'
     1>D:\programs\Microsoft Visual Studio 11.0\VC\include\cmath(34): error C2061: syntax error : identifier 'sinf'
     1>D:\programs\Microsoft Visual Studio 11.0\VC\include\cmath(34): error C2059: syntax error : ';'
     1>D:\programs\Microsoft Visual Studio 11.0\VC\include\cmath(34): error C2061: syntax error : identifier 'sinhf'
     1>D:\programs\Microsoft Visual Studio 11.0\VC\include\cmath(34): error C2061: syntax error : identifier 'sqrtf'
     1>D:\programs\Microsoft Visual Studio 11.0\VC\include\cmath(35): error C2061: syntax error : identifier 'tanf'
     1>D:\programs\Microsoft Visual Studio 11.0\VC\include\cmath(35): error C2059: syntax error : ';'
     1>D:\programs\Microsoft Visual Studio 11.0\VC\include\cmath(35): error C2061: syntax error : identifier 'tanhf'
     1>D:\programs\Microsoft Visual Studio 11.0\VC\include\cmath(37): error C2061: syntax error : identifier 'acosl'
     1>D:\programs\Microsoft Visual Studio 11.0\VC\include\cmath(37): error C2059: syntax error : ';'
     1>D:\programs\Microsoft Visual Studio 11.0\VC\include\cmath(37): error C2061: syntax error : identifier 'asinl'
     1>D:\programs\Microsoft Visual Studio 11.0\VC\include\cmath(38): error C2061: syntax error : identifier 'atanl'
     1>D:\programs\Microsoft Visual Studio 11.0\VC\include\cmath(38): error C2059: syntax error : ';'
     1>D:\programs\Microsoft Visual Studio 11.0\VC\include\cmath(38): error C2061: syntax error : identifier 'atan2l'
     1>D:\programs\Microsoft Visual Studio 11.0\VC\include\cmath(38): error C2061: syntax error : identifier 'ceill'
     1>D:\programs\Microsoft Visual Studio 11.0\VC\include\cmath(39): error C2061: syntax error : identifier 'cosl'
     1>D:\programs\Microsoft Visual Studio 11.0\VC\include\cmath(39): error C2059: syntax error : ';'
     1>D:\programs\Microsoft Visual Studio 11.0\VC\include\cmath(39): error C2061: syntax error : identifier 'coshl'
     1>D:\programs\Microsoft Visual Studio 11.0\VC\include\cmath(39): error C2061: syntax error : identifier 'expl'
     1>D:\programs\Microsoft Visual Studio 11.0\VC\include\cmath(40): error C2061: syntax error : identifier 'fabsl'
     1>D:\programs\Microsoft Visual Studio 11.0\VC\include\cmath(40): error C2059: syntax error : ';'
     1>D:\programs\Microsoft Visual Studio 11.0\VC\include\cmath(40): error C2061: syntax error : identifier 'floorl'
     1>D:\programs\Microsoft Visual Studio 11.0\VC\include\cmath(40): error C2061: syntax error : identifier 'fmodl'
     1>D:\programs\Microsoft Visual Studio 11.0\VC\include\cmath(41): error C2061: syntax error : identifier 'frexpl'
     1>D:\programs\Microsoft Visual Studio 11.0\VC\include\cmath(41): error C2059: syntax error : ';'
     1>D:\programs\Microsoft Visual Studio 11.0\VC\include\cmath(41): error C2061: syntax error : identifier 'ldexpl'
     1>D:\programs\Microsoft Visual Studio 11.0\VC\include\cmath(41): error C2061: syntax error : identifier 'logl'
     1>D:\programs\Microsoft Visual Studio 11.0\VC\include\cmath(42): error C2061: syntax error : identifier 'log10l'
     1>D:\programs\Microsoft Visual Studio 11.0\VC\include\cmath(42): error C2059: syntax error : ';'
     1>D:\programs\Microsoft Visual Studio 11.0\VC\include\cmath(42): error C2061: syntax error : identifier 'modfl'
     1>D:\programs\Microsoft Visual Studio 11.0\VC\include\cmath(42): error C2061: syntax error : identifier 'powl'
     1>D:\programs\Microsoft Visual Studio 11.0\VC\include\cmath(43): error C2061: syntax error : identifier 'sinl'
     1>D:\programs\Microsoft Visual Studio 11.0\VC\include\cmath(43): error C2059: syntax error : ';'
     1>D:\programs\Microsoft Visual Studio 11.0\VC\include\cmath(43): error C2061: syntax error : identifier 'sinhl'
     1>D:\programs\Microsoft Visual Studio 11.0\VC\include\cmath(43): error C2061: syntax error : identifier 'sqrtl'
     1>D:\programs\Microsoft Visual Studio 11.0\VC\include\cmath(44): error C2061: syntax error : identifier 'tanl'
     1>D:\programs\Microsoft Visual Studio 11.0\VC\include\cmath(44): error C2059: syntax error : ';'
     1>D:\programs\Microsoft Visual Studio 11.0\VC\include\cmath(44): error C2061: syntax error : identifier 'tanhl'
     1>D:\programs\Microsoft Visual Studio 11.0\VC\include\cmath(46): error C2061: syntax error : identifier 'abs'
     1>D:\programs\Microsoft Visual Studio 11.0\VC\include\cmath(46): error C2059: syntax error : ';'
     1>D:\programs\Microsoft Visual Studio 11.0\VC\include\cmath(48): error C2061: syntax error : identifier 'acos'
     1>D:\programs\Microsoft Visual Studio 11.0\VC\include\cmath(48): error C2059: syntax error : ';'
     1>D:\programs\Microsoft Visual Studio 11.0\VC\include\cmath(48): error C2061: syntax error : identifier 'asin'
     1>D:\programs\Microsoft Visual Studio 11.0\VC\include\cmath(49): error C2061: syntax error : identifier 'atan'
     1>D:\programs\Microsoft Visual Studio 11.0\VC\include\cmath(49): error C2059: syntax error : ';'
     1>D:\programs\Microsoft Visual Studio 11.0\VC\include\cmath(49): error C2061: syntax error : identifier 'atan2'
     1>D:\programs\Microsoft Visual Studio 11.0\VC\include\cmath(49): error C2061: syntax error : identifier 'ceil'
     1>D:\programs\Microsoft Visual Studio 11.0\VC\include\cmath(50): error C2061: syntax error : identifier 'cos'
     1>D:\programs\Microsoft Visual Studio 11.0\VC\include\cmath(50): error C2059: syntax error : ';'
     1>D:\programs\Microsoft Visual Studio 11.0\VC\include\cmath(50): error C2061: syntax error : identifier 'cosh'
     1>D:\programs\Microsoft Visual Studio 11.0\VC\include\cmath(50): error C2061: syntax error : identifier 'exp'
     1>D:\programs\Microsoft Visual Studio 11.0\VC\include\cmath(51): error C2061: syntax error : identifier 'fabs'
     1>D:\programs\Microsoft Visual Studio 11.0\VC\include\cmath(51): error C2059: syntax error : ';'
     1>D:\programs\Microsoft Visual Studio 11.0\VC\include\cmath(51): error C2061: syntax error : identifier 'floor'
     1>D:\programs\Microsoft Visual Studio 11.0\VC\include\cmath(51): error C2061: syntax error : identifier 'fmod'
     1>D:\programs\Microsoft Visual Studio 11.0\VC\include\cmath(52): error C2061: syntax error : identifier 'frexp'
     1>D:\programs\Microsoft Visual Studio 11.0\VC\include\cmath(52): error C2059: syntax error : ';'
     1>D:\programs\Microsoft Visual Studio 11.0\VC\include\cmath(52): error C2061: syntax error : identifier 'ldexp'
     1>D:\programs\Microsoft Visual Studio 11.0\VC\include\cmath(52): error C2061: syntax error : identifier 'log'
     1>D:\programs\Microsoft Visual Studio 11.0\VC\include\cmath(53): error C2061: syntax error : identifier 'log10'
     1>D:\programs\Microsoft Visual Studio 11.0\VC\include\cmath(53): error C2059: syntax error : ';'
     1>D:\programs\Microsoft Visual Studio 11.0\VC\include\cmath(53): error C2061: syntax error : identifier 'modf'
     1>D:\programs\Microsoft Visual Studio 11.0\VC\include\cmath(53): error C2061: syntax error : identifier 'pow'
     1>D:\programs\Microsoft Visual Studio 11.0\VC\include\cmath(54): error C2061: syntax error : identifier 'sin'
     1>D:\programs\Microsoft Visual Studio 11.0\VC\include\cmath(54): error C2059: syntax error : ';'
     1>D:\programs\Microsoft Visual Studio 11.0\VC\include\cmath(54): error C2061: syntax error : identifier 'sinh'
     1>D:\programs\Microsoft Visual Studio 11.0\VC\include\cmath(54): error C2061: syntax error : identifier 'sqrt'
     1>D:\programs\Microsoft Visual Studio 11.0\VC\include\cmath(55): error C2061: syntax error : identifier 'tan'
     1>D:\programs\Microsoft Visual Studio 11.0\VC\include\cmath(55): error C2059: syntax error : ';'
     1>D:\programs\Microsoft Visual Studio 11.0\VC\include\cmath(55): error C2061: syntax error : identifier 'tanh'
     1>D:\programs\Microsoft Visual Studio 11.0\VC\include\cmath(57): error C2061: syntax error : identifier 'hypot'
     1>D:\programs\Microsoft Visual Studio 11.0\VC\include\cmath(57): error C2059: syntax error : ';'
     1>D:\programs\Microsoft Visual Studio 11.0\VC\include\cmath(57): error C2061: syntax error : identifier 'hypotf'
     1>D:\programs\Microsoft Visual Studio 11.0\VC\include\cstdio(36): warning C4431: missing type specifier - int assumed. Note: C no longer supports default-int
     1>D:\programs\Microsoft Visual Studio 11.0\VC\include\cstdio(36): error C2054: expected '(' to follow 'using'
     1>D:\programs\Microsoft Visual Studio 11.0\VC\include\cstdio(38): error C2061: syntax error : identifier 'using'
     1>D:\programs\Microsoft Visual Studio 11.0\VC\include\cstdio(38): warning C4431: missing type specifier - int assumed. Note: C no longer supports default-int
     1>D:\programs\Microsoft Visual Studio 11.0\VC\include\cstdio(38): error C2054: expected '(' to follow 'using'
     1>D:\programs\Microsoft Visual Studio 11.0\VC\include\cstdio(39): error C2061: syntax error : identifier 'clearerr'
     1>D:\programs\Microsoft Visual Studio 11.0\VC\include\cstdio(39): error C2059: syntax error : ';'
     1>D:\programs\Microsoft Visual Studio 11.0\VC\include\cstdio(39): error C2061: syntax error : identifier 'fclose'
     1>D:\programs\Microsoft Visual Studio 11.0\VC\include\cstdio(39): fatal error C1003: error count exceeds 100; stopping compilation
     1>Done Building Project "C:\Users\Guilherme\documents\visual studio 2012\Projects\ConsoleApplication1\ConsoleApplication1\ConsoleApplication1.vcxproj" (Build target(s)) -- FAILED.

Build FAILED.

Time Elapsed 00:00:00.10
