D:\DROPBOX\STEVENS\CS 539 - REAL-TIME RENDERING\HW1\HW1\DEBUG\HW1.PCH
D:\DROPBOX\STEVENS\CS 539 - REAL-TIME RENDERING\HW1\HW1\DEBUG\STDAFX.OBJ
D:\DROPBOX\STEVENS\CS 539 - REAL-TIME RENDERING\HW1\HW1\DEBUG\VC110.PDB
D:\DROPBOX\STEVENS\CS 539 - REAL-TIME RENDERING\HW1\HW1\DEBUG\CAPP.OBJ
D:\DROPBOX\STEVENS\CS 539 - REAL-TIME RENDERING\HW1\HW1\DEBUG\CAPP_ONCLEANUP.OBJ
D:\DROPBOX\STEVENS\CS 539 - REAL-TIME RENDERING\HW1\HW1\DEBUG\CAPP_ONEVENT.OBJ
D:\DROPBOX\STEVENS\CS 539 - REAL-TIME RENDERING\HW1\HW1\DEBUG\CAPP_ONINIT.OBJ
D:\DROPBOX\STEVENS\CS 539 - REAL-TIME RENDERING\HW1\HW1\DEBUG\CAPP_ONLOOP.OBJ
D:\DROPBOX\STEVENS\CS 539 - REAL-TIME RENDERING\HW1\HW1\DEBUG\CAPP_ONRENDER.OBJ
D:\DROPBOX\STEVENS\CS 539 - REAL-TIME RENDERING\HW1\HW1\DEBUG\GLM.OBJ
D:\DROPBOX\STEVENS\CS 539 - REAL-TIME RENDERING\HW1\HW1\DEBUG\INITSHADER.OBJ
D:\DROPBOX\STEVENS\CS 539 - REAL-TIME RENDERING\HW1\DEBUG\HW1.ILK
D:\DROPBOX\STEVENS\CS 539 - REAL-TIME RENDERING\HW1\DEBUG\HW1.EXE
D:\DROPBOX\STEVENS\CS 539 - REAL-TIME RENDERING\HW1\DEBUG\HW1.PDB
D:\Dropbox\Stevens\CS 539 - Real-time rendering\HW1\HW1\Debug\Capp.obj
D:\Dropbox\Stevens\CS 539 - Real-time rendering\HW1\HW1\Debug\CApp_OnCleanup.obj
D:\Dropbox\Stevens\CS 539 - Real-time rendering\HW1\HW1\Debug\CApp_OnEvent.obj
D:\Dropbox\Stevens\CS 539 - Real-time rendering\HW1\HW1\Debug\CApp_OnInit.obj
D:\Dropbox\Stevens\CS 539 - Real-time rendering\HW1\HW1\Debug\CApp_OnLoop.obj
D:\Dropbox\Stevens\CS 539 - Real-time rendering\HW1\HW1\Debug\CApp_OnRender.obj
D:\Dropbox\Stevens\CS 539 - Real-time rendering\HW1\HW1\Debug\glm.obj
D:\Dropbox\Stevens\CS 539 - Real-time rendering\HW1\HW1\Debug\InitShader.obj
D:\Dropbox\Stevens\CS 539 - Real-time rendering\HW1\HW1\Debug\stdafx.obj
D:\Dropbox\Stevens\CS 539 - Real-time rendering\HW1\HW1\Debug\cl.command.1.tlog
D:\Dropbox\Stevens\CS 539 - Real-time rendering\HW1\HW1\Debug\CL.read.1.tlog
D:\Dropbox\Stevens\CS 539 - Real-time rendering\HW1\HW1\Debug\CL.write.1.tlog
D:\Dropbox\Stevens\CS 539 - Real-time rendering\HW1\HW1\Debug\link-cvtres.read.1.tlog
D:\Dropbox\Stevens\CS 539 - Real-time rendering\HW1\HW1\Debug\link-cvtres.write.1.tlog
D:\Dropbox\Stevens\CS 539 - Real-time rendering\HW1\HW1\Debug\link-rc.read.1.tlog
D:\Dropbox\Stevens\CS 539 - Real-time rendering\HW1\HW1\Debug\link-rc.write.1.tlog
D:\Dropbox\Stevens\CS 539 - Real-time rendering\HW1\HW1\Debug\link.2368-cvtres.read.1.tlog
D:\Dropbox\Stevens\CS 539 - Real-time rendering\HW1\HW1\Debug\link.2368-cvtres.write.1.tlog
D:\Dropbox\Stevens\CS 539 - Real-time rendering\HW1\HW1\Debug\link.2368-rc.read.1.tlog
D:\Dropbox\Stevens\CS 539 - Real-time rendering\HW1\HW1\Debug\link.2368-rc.write.1.tlog
D:\Dropbox\Stevens\CS 539 - Real-time rendering\HW1\HW1\Debug\link.2368.read.1.tlog
D:\Dropbox\Stevens\CS 539 - Real-time rendering\HW1\HW1\Debug\link.2368.write.1.tlog
D:\Dropbox\Stevens\CS 539 - Real-time rendering\HW1\HW1\Debug\link.7124-cvtres.read.1.tlog
D:\Dropbox\Stevens\CS 539 - Real-time rendering\HW1\HW1\Debug\link.7124-cvtres.write.1.tlog
D:\Dropbox\Stevens\CS 539 - Real-time rendering\HW1\HW1\Debug\link.7124-rc.read.1.tlog
D:\Dropbox\Stevens\CS 539 - Real-time rendering\HW1\HW1\Debug\link.7124-rc.write.1.tlog
D:\Dropbox\Stevens\CS 539 - Real-time rendering\HW1\HW1\Debug\link.7124.read.1.tlog
D:\Dropbox\Stevens\CS 539 - Real-time rendering\HW1\HW1\Debug\link.7124.write.1.tlog
D:\Dropbox\Stevens\CS 539 - Real-time rendering\HW1\HW1\Debug\link.8248-cvtres.read.1.tlog
D:\Dropbox\Stevens\CS 539 - Real-time rendering\HW1\HW1\Debug\link.8248-cvtres.write.1.tlog
D:\Dropbox\Stevens\CS 539 - Real-time rendering\HW1\HW1\Debug\link.8248-rc.read.1.tlog
D:\Dropbox\Stevens\CS 539 - Real-time rendering\HW1\HW1\Debug\link.8248-rc.write.1.tlog
D:\Dropbox\Stevens\CS 539 - Real-time rendering\HW1\HW1\Debug\link.8248.read.1.tlog
D:\Dropbox\Stevens\CS 539 - Real-time rendering\HW1\HW1\Debug\link.8248.write.1.tlog
D:\Dropbox\Stevens\CS 539 - Real-time rendering\HW1\HW1\Debug\link.8824-cvtres.read.1.tlog
D:\Dropbox\Stevens\CS 539 - Real-time rendering\HW1\HW1\Debug\link.8824-cvtres.write.1.tlog
D:\Dropbox\Stevens\CS 539 - Real-time rendering\HW1\HW1\Debug\link.8824-rc.read.1.tlog
D:\Dropbox\Stevens\CS 539 - Real-time rendering\HW1\HW1\Debug\link.8824-rc.write.1.tlog
D:\Dropbox\Stevens\CS 539 - Real-time rendering\HW1\HW1\Debug\link.8824.read.1.tlog
D:\Dropbox\Stevens\CS 539 - Real-time rendering\HW1\HW1\Debug\link.8824.write.1.tlog
D:\Dropbox\Stevens\CS 539 - Real-time rendering\HW1\HW1\Debug\link.command.1.tlog
D:\Dropbox\Stevens\CS 539 - Real-time rendering\HW1\HW1\Debug\link.read.1.tlog
D:\Dropbox\Stevens\CS 539 - Real-time rendering\HW1\HW1\Debug\link.write.1.tlog
D:\Dropbox\Stevens\CS 539 - Real-time rendering\HW1\HW1\Debug\HW1.pch
D:\Dropbox\Stevens\CS 539 - Real-time rendering\HW1\HW1\Debug\vc110.idb
D:\Dropbox\Stevens\CS 539 - Real-time rendering\HW1\HW1\Debug\vc110.pdb
D:\Dropbox\Stevens\CS 539 - Real-time rendering\HW1\Debug\HW1.pdb
D:\Dropbox\Stevens\CS 539 - Real-time rendering\HW1\Debug\HW1.exe
D:\Dropbox\Stevens\CS 539 - Real-time rendering\HW1\Debug\HW1.ilk
